<?xml version="1.0" encoding="UTF-8"?>
<!-- Generated by org.testng.reporters.JUnitReportReporter -->
<testsuite hostname="DESKTOP-L2Q3C3G" failures="0" tests="1" name="com.mystore.testcases.LoginPageTest" time="10.886" errors="0" timestamp="2022-10-10T14:11:13 PKT" skipped="0">
  <testcase classname="com.mystore.testcases.LoginPageTest" name="loginTest" time="10.886"/>
  <system-out/>
</testsuite> <!-- com.mystore.testcases.LoginPageTest -->
