<?xml version="1.0" encoding="UTF-8"?>
<!-- Generated by org.testng.reporters.JUnitReportReporter -->
<testsuite hostname="DESKTOP-L2Q3C3G" failures="0" tests="1" name="com.mystore.testcases.attributeSettest" time="14.205" errors="0" timestamp="2022-10-10T14:53:49 PKT" skipped="0">
  <testcase classname="com.mystore.testcases.attributeSettest" name="attributeSettest1" time="14.205"/>
  <system-out/>
</testsuite> <!-- com.mystore.testcases.attributeSettest -->
